<?xml version="1.0" encoding="UTF-8"?>
<!-- Generated by org.testng.reporters.JUnitReportReporter -->
<testsuite hostname="DESKTOP-A76IO2V" failures="0" tests="1" name="Facebook.Login" time="0.011" errors="0" timestamp="2023-06-15T21:52:09 EEST" skipped="0">
  <testcase classname="Facebook.Login" name="mm" time="0.011"/>
</testsuite> <!-- Facebook.Login -->
