<?xml version="1.0" encoding="UTF-8"?>
<!-- Generated by org.testng.reporters.JUnitReportReporter -->
<testsuite hostname="DESKTOP-A76IO2V" failures="0" tests="1" name="Facebook.ValidLogin" time="8.506" errors="0" timestamp="2023-06-16T22:40:21 EEST" skipped="0">
  <testcase classname="Facebook.ValidLogin" name="LoginByEmailValidPwValid" time="8.506"/>
</testsuite> <!-- Facebook.ValidLogin -->
