<?xml version="1.0" encoding="UTF-8"?>
<!-- Generated by org.testng.reporters.JUnitReportReporter -->
<testsuite hostname="DESKTOP-A76IO2V" failures="0" tests="3" name="Facebook.InvalidLogin" time="15.515" errors="0" timestamp="2023-06-16T22:40:21 EEST" skipped="0">
  <testcase classname="Facebook.InvalidLogin" name="LogininvalidPw" time="5.201"/>
  <testcase classname="Facebook.InvalidLogin" name="LogininvalidEmPW" time="5.222"/>
  <testcase classname="Facebook.InvalidLogin" name="Loginwithblank" time="5.092"/>
</testsuite> <!-- Facebook.InvalidLogin -->
