<?xml version="1.0" encoding="UTF-8"?>
<!-- Generated by org.testng.reporters.JUnitReportReporter -->
<testsuite hostname="DESKTOP-A76IO2V" failures="0" tests="3" name="Facebook.InvalidLogin2" time="6.938" errors="0" timestamp="2023-06-16T05:12:13 EEST" skipped="0">
  <testcase classname="Facebook.InvalidLogin2" name="Loginwithblank" time="0.827"/>
  <testcase classname="Facebook.InvalidLogin2" name="LogininvalidEmPW" time="0.160"/>
  <testcase classname="Facebook.InvalidLogin2" name="LogininvalidPw" time="5.951"/>
</testsuite> <!-- Facebook.InvalidLogin2 -->
