<?xml version="1.0" encoding="UTF-8"?>
<!-- Generated by org.testng.reporters.JUnitReportReporter -->
<testsuite hostname="DESKTOP-A76IO2V" failures="0" tests="1" name="Facebook.TestLogin" time="5.177" errors="0" timestamp="2023-06-16T04:49:32 EEST" skipped="0">
  <testcase classname="Facebook.TestLogin" name="LoginByEmailValidPwValid" time="5.177"/>
</testsuite> <!-- Facebook.TestLogin -->
