<?xml version="1.0" encoding="UTF-8"?>
<!-- Generated by org.testng.reporters.JUnitReportReporter -->
<testsuite hostname="DESKTOP-A76IO2V" failures="0" tests="1" name="Facebook.TestRegistration" time="12.263" errors="0" timestamp="2023-06-16T22:40:21 EEST" skipped="0">
  <testcase classname="Facebook.TestRegistration" name="Register" time="12.263"/>
</testsuite> <!-- Facebook.TestRegistration -->
